[2012-07-11 14:30:16][core]: 1342017016.2578 index[default/default]
[2012-07-11 14:30:16][core]: create view...
[2012-07-11 14:30:16]: endBlock
[2012-07-11 14:30:16]: 
array (
  0 => 
  array (
    'name' => 'layout',
    'isEnd' => false,
    'blocks' => 
    array (
    ),
  ),
)
[2012-07-11 14:30:16][core]: 1342017016.2578 used 0.0038259029388428
[2012-07-11 14:36:24][core]: 1342017384.6237 index[default/default]
[2012-07-11 14:36:24][core]: create view...
[2012-07-11 14:36:24]: endBlock
[2012-07-11 14:36:24]: 
array (
  0 => 
  array (
    'name' => 'layout',
    'isEnd' => false,
    'blocks' => 
    array (
    ),
  ),
)
[2012-07-11 14:36:24][core]: 1342017384.6237 used 0.0040349960327148
[2012-07-11 14:36:42][core]: 1342017402.122 index[default/default]
[2012-07-11 14:36:42][core]: create view...
[2012-07-11 14:36:42]: endBlock
[2012-07-11 14:36:42]: 
array (
  0 => 
  array (
    'name' => 'layout',
    'isEnd' => false,
    'blocks' => 
    array (
    ),
  ),
)
[2012-07-11 14:36:42][core]: 1342017402.122 used 0.0036320686340332
[2012-07-11 14:39:23][core]: 1342017563.242 index[default/default]
[2012-07-11 14:39:23][core]: create view...
[2012-07-11 14:39:23]: endBlock
[2012-07-11 14:39:23]: 
array (
  0 => 
  array (
    'name' => 'layout',
    'isEnd' => true,
    'blocks' => 
    array (
    ),
  ),
)
[2012-07-11 14:39:23][core]: 1342017563.242 used 0.0031840801239014
[2012-07-11 14:39:46][core]: 1342017586.9801 index[default/default]
[2012-07-11 14:39:46][core]: create view...
[2012-07-11 14:39:46]: endBlock
[2012-07-11 14:39:46]: 
array (
  0 => 
  array (
    'name' => 'layout',
    'isEnd' => true,
    'blocks' => 
    array (
    ),
  ),
)
[2012-07-11 14:39:46][core]: 1342017586.9801 used 0.0027937889099121
[2012-07-11 14:40:00][core]: 1342017600.8173 index[default/default]
[2012-07-11 14:40:00][core]: create view...
[2012-07-11 14:40:00]: endBlock
[2012-07-11 14:40:00]: 
array (
  0 => 
  array (
    'name' => 'layout',
    'isEnd' => false,
    'blocks' => 
    array (
    ),
  ),
)
[2012-07-11 14:40:00]: endBlock
[2012-07-11 14:40:00]: 
array (
  0 => 
  array (
    'name' => 'layout',
    'isEnd' => true,
    'blocks' => 
    array (
      'header' => 'my header',
    ),
  ),
)
[2012-07-11 14:40:00][core]: 1342017600.8173 used 0.0020618438720703
[2012-07-12 14:20:46][core]: 1342102846.6938 index[default/default]
[2012-07-12 14:20:46][core]: create view...
[2012-07-12 14:20:46]: endBlock
[2012-07-12 14:20:46]: 
array (
  0 => 
  array (
    'name' => 'layout',
    'isEnd' => false,
    'blocks' => 
    array (
    ),
  ),
)
[2012-07-12 14:20:46]: endBlock
[2012-07-12 14:20:46]: 
array (
  0 => 
  array (
    'name' => 'layout',
    'isEnd' => true,
    'blocks' => 
    array (
      'header' => 'my header',
    ),
  ),
)
[2012-07-12 14:20:46][core]: 1342102846.6938 used 0.11465787887573
[2012-07-13 15:09:25][core]: 1342192165.8565 index[default/default]
[2012-07-13 15:09:26][core]: create view...
[2012-07-13 15:09:26]: endBlock
[2012-07-13 15:09:26]: 
array (
  0 => 
  array (
    'name' => 'layout',
    'isEnd' => false,
    'blocks' => 
    array (
    ),
  ),
)
[2012-07-13 15:09:26]: endBlock
[2012-07-13 15:09:26]: 
array (
  0 => 
  array (
    'name' => 'layout',
    'isEnd' => true,
    'blocks' => 
    array (
      'header' => 'my header',
    ),
  ),
)
[2012-07-13 15:09:26][core]: 1342192165.8565 used 0.21082401275635
[2012-07-13 15:41:27][core]: 1342194087.0774 index[default/default]
[2012-07-13 15:41:27][core]: create view...
[2012-07-13 15:41:27]: endBlock
[2012-07-13 15:41:27]: 
array (
  0 => 
  array (
    'name' => 'layout',
    'isEnd' => false,
    'blocks' => 
    array (
    ),
  ),
)
[2012-07-13 15:41:27]: endBlock
[2012-07-13 15:41:27]: 
array (
  0 => 
  array (
    'name' => 'layout',
    'isEnd' => true,
    'blocks' => 
    array (
      'header' => 'my header',
    ),
  ),
)
[2012-07-13 15:41:27][core]: 1342194087.0774 used 0.0028140544891357
[2012-07-14 10:51:53][core]: 1342263113.8075 index[default/default]
[2012-07-14 10:51:53][core]: create view...
[2012-07-14 10:51:53]: endBlock
[2012-07-14 10:51:53]: 
array (
  0 => 
  array (
    'name' => 'layout',
    'isEnd' => false,
    'blocks' => 
    array (
    ),
  ),
)
[2012-07-14 10:51:53]: endBlock
[2012-07-14 10:51:53]: 
array (
  0 => 
  array (
    'name' => 'layout',
    'isEnd' => true,
    'blocks' => 
    array (
      'header' => 'my header',
    ),
  ),
)
[2012-07-14 10:51:53][core]: 1342263113.8075 used 0.072417020797729
[2012-07-14 16:33:31][core]: 1342283611.0457 index[default/default]
[2012-07-14 16:33:31][core]: create view...
[2012-07-14 16:33:31]: endBlock
[2012-07-14 16:33:31]: 
array (
  0 => 
  array (
    'name' => 'layout',
    'isEnd' => false,
    'blocks' => 
    array (
    ),
  ),
)
[2012-07-14 16:33:31]: endBlock
[2012-07-14 16:33:31]: 
array (
  0 => 
  array (
    'name' => 'layout',
    'isEnd' => true,
    'blocks' => 
    array (
      'header' => 'my header',
    ),
  ),
)
[2012-07-14 16:33:31][core]: 1342283611.0457 used 0.1645929813385
[2012-07-14 16:33:46][core]: 1342283626.472 index[default/default]
[2012-07-14 16:33:46][core]: create view...
[2012-07-14 16:33:46]: endBlock
[2012-07-14 16:33:46]: 
array (
  0 => 
  array (
    'name' => 'layout',
    'isEnd' => false,
    'blocks' => 
    array (
    ),
  ),
)
[2012-07-14 16:33:46]: endBlock
[2012-07-14 16:33:46]: 
array (
  0 => 
  array (
    'name' => 'layout',
    'isEnd' => true,
    'blocks' => 
    array (
      'header' => 'my header',
    ),
  ),
)
[2012-07-14 16:33:46][core]: 1342283626.472 used 0.023494005203247
[2012-07-14 16:33:54][core]: 1342283634.5735 index[default/default]
[2012-07-14 16:33:54][core]: create view...
[2012-07-14 16:33:54]: endBlock
[2012-07-14 16:33:54]: 
array (
  0 => 
  array (
    'name' => 'layout',
    'isEnd' => false,
    'blocks' => 
    array (
    ),
  ),
)
[2012-07-14 16:33:54]: endBlock
[2012-07-14 16:33:54]: 
array (
  0 => 
  array (
    'name' => 'layout',
    'isEnd' => true,
    'blocks' => 
    array (
      'header' => 'my header',
    ),
  ),
)
[2012-07-14 16:33:54][core]: 1342283634.5735 used 0.0068881511688232
[2012-07-14 16:33:55][core]: 1342283635.433 index[default/default]
[2012-07-14 16:33:55][core]: create view...
[2012-07-14 16:33:55]: endBlock
[2012-07-14 16:33:55]: 
array (
  0 => 
  array (
    'name' => 'layout',
    'isEnd' => false,
    'blocks' => 
    array (
    ),
  ),
)
[2012-07-14 16:33:55]: endBlock
[2012-07-14 16:33:55]: 
array (
  0 => 
  array (
    'name' => 'layout',
    'isEnd' => true,
    'blocks' => 
    array (
      'header' => 'my header',
    ),
  ),
)
[2012-07-14 16:33:55][core]: 1342283635.433 used 0.0069100856781006
[2012-07-14 16:33:57][core]: 1342283637.3125 index[default/default]
[2012-07-14 16:33:57][core]: create view...
[2012-07-14 16:33:57]: endBlock
[2012-07-14 16:33:57]: 
array (
  0 => 
  array (
    'name' => 'layout',
    'isEnd' => false,
    'blocks' => 
    array (
    ),
  ),
)
[2012-07-14 16:33:57]: endBlock
[2012-07-14 16:33:57]: 
array (
  0 => 
  array (
    'name' => 'layout',
    'isEnd' => true,
    'blocks' => 
    array (
      'header' => 'my header',
    ),
  ),
)
[2012-07-14 16:33:57][core]: 1342283637.3125 used 0.0068421363830566
[2012-07-14 16:39:12][core]: 1342283952.8996 index[default/default]
[2012-07-14 16:39:12][core]: create view...
[2012-07-14 16:39:12]: endBlock
[2012-07-14 16:39:12]: 
array (
  0 => 
  array (
    'name' => 'layout',
    'isEnd' => false,
    'blocks' => 
    array (
    ),
  ),
)
[2012-07-14 16:39:12]: endBlock
[2012-07-14 16:39:12]: 
array (
  0 => 
  array (
    'name' => 'layout',
    'isEnd' => true,
    'blocks' => 
    array (
      'header' => 'my header',
    ),
  ),
)
[2012-07-14 16:39:12][core]: 1342283952.8996 used 0.004417896270752
[2012-07-15 02:27:37][core]: 1342319257.4576 index[default/default]
[2012-07-15 02:27:37][core]: create view...
[2012-07-15 02:27:37]: endBlock
[2012-07-15 02:27:37]: 
array (
  0 => 
  array (
    'name' => 'layout',
    'isEnd' => false,
    'blocks' => 
    array (
    ),
  ),
)
[2012-07-15 02:27:37]: endBlock
[2012-07-15 02:27:37]: 
array (
  0 => 
  array (
    'name' => 'layout',
    'isEnd' => true,
    'blocks' => 
    array (
      'header' => 'my header',
    ),
  ),
)
[2012-07-15 02:27:37][core]: 1342319257.4576 used 0.14114117622375
[2012-07-18 13:50:08][core]: 1342619407.4972 index[default/default]
[2012-07-18 13:50:08][core]: create view...
[2012-07-18 13:50:08]: endBlock
[2012-07-18 13:50:08]: 
array (
  0 => 
  array (
    'name' => 'layout',
    'isEnd' => false,
    'blocks' => 
    array (
    ),
  ),
)
[2012-07-18 13:50:08]: endBlock
[2012-07-18 13:50:08]: 
array (
  0 => 
  array (
    'name' => 'layout',
    'isEnd' => true,
    'blocks' => 
    array (
      'header' => 'my header',
    ),
  ),
)
[2012-07-18 13:50:08][core]: 1342619407.4972 used 0.83187317848206
[2012-07-18 16:58:50][core]: 1342630730.0963 index[default/default]
[2012-07-18 16:58:50][core]: create view...
[2012-07-18 16:58:50]: endBlock
[2012-07-18 16:58:50]: 
array (
  0 => 
  array (
    'name' => 'layout',
    'isEnd' => false,
    'blocks' => 
    array (
    ),
  ),
)
[2012-07-18 16:58:50]: endBlock
[2012-07-18 16:58:50]: 
array (
  0 => 
  array (
    'name' => 'layout',
    'isEnd' => true,
    'blocks' => 
    array (
      'header' => 'my header',
    ),
  ),
)
[2012-07-18 16:58:50][core]: 1342630730.0963 used 0.0029599666595459
